<?xml version="1.0" encoding="UTF-8"?>
<testng-results skipped="0" failed="0" total="1" passed="1">
  <reporter-output>
  </reporter-output>
  <suite name="Default suite" duration-ms="220846" started-at="2021-01-07T05:32:19Z" finished-at="2021-01-07T05:35:59Z">
    <groups>
    </groups>
    <test name="Default test" duration-ms="220846" started-at="2021-01-07T05:32:19Z" finished-at="2021-01-07T05:35:59Z">
      <class name="com.cleartrip.testcases.HomePageTest">
        <test-method status="PASS" signature="setUp()[pri:0, instance:com.cleartrip.testcases.HomePageTest@4b9e13df]" name="setUp" is-config="true" duration-ms="79028" started-at="2021-01-07T11:02:19Z" finished-at="2021-01-07T11:03:38Z">
          <reporter-output>
          </reporter-output>
        </test-method> <!-- setUp -->
        <test-method status="PASS" signature="enteringFlightDetails()[pri:0, instance:com.cleartrip.testcases.HomePageTest@4b9e13df]" name="enteringFlightDetails" duration-ms="141178" started-at="2021-01-07T11:03:38Z" finished-at="2021-01-07T11:05:59Z">
          <reporter-output>
          </reporter-output>
        </test-method> <!-- enteringFlightDetails -->
        <test-method status="PASS" signature="tearDown()[pri:0, instance:com.cleartrip.testcases.HomePageTest@4b9e13df]" name="tearDown" is-config="true" duration-ms="629" started-at="2021-01-07T11:05:59Z" finished-at="2021-01-07T11:05:59Z">
          <reporter-output>
          </reporter-output>
        </test-method> <!-- tearDown -->
      </class> <!-- com.cleartrip.testcases.HomePageTest -->
    </test> <!-- Default test -->
  </suite> <!-- Default suite -->
</testng-results>
